<?xml version="1.0" encoding="UTF-8"?>
<!-- Generated by org.testng.reporters.JUnitReportReporter -->
<testsuite hostname="INLEN8520042344" failures="0" tests="2" name="Stepdefinition.TestRunner" time="44.712" errors="0" timestamp="2022-04-15T13:56:52 IST" skipped="0">
  <testcase classname="Stepdefinition.TestRunner" name="runScenario" time="7.553"/>
  <system-out/>
  <testcase classname="Stepdefinition.TestRunner" name="runScenario" time="37.159"/>
  <system-out/>
</testsuite> <!-- Stepdefinition.TestRunner -->
