<?xml version="1.0" encoding="UTF-8"?>
<!-- Generated by org.testng.reporters.JUnitReportReporter -->
<testsuite hostname="INLEN8520042344" failures="0" tests="1" name="TestNG.Reports" time="80.931" errors="0" timestamp="2022-04-18T11:57:33 IST" skipped="0">
  <testcase classname="TestNG.Reports" name="Mcd" time="80.931"/>
  <system-out/>
</testsuite> <!-- TestNG.Reports -->
